     1                                  ; hello.asm
     2                                  
     3                                  SECTION .data 				; Начало секции данных
     4                                  
     5 00000000 20D094D0BED0BDD0B7-     	hello: 		DB ' Донзо Мориссала',10 	; 'Донзо Мориссала' плюс
     5 00000009 D0BE20D09CD0BED180-
     5 00000012 D0B8D181D181D0B0D0-
     5 0000001B BBD0B00A           
     6                                  					; символ перевода строки
     7                                  	helloLen: EQU $-hello 		; Длина строки hello
     8                                  	
     9                                  SECTION .text 				; Начало секции кода
    10                                  	GLOBAL _start
    11                                  	
    12                                  	
    13                                  _start: 				; Точка входа в программу
    14 00000000 B804000000              	mov eax,4 	; Системный вызов для записи (sys_write)
    15                                  	
    16 00000005 BB01000000              	mov ebx,1 	; Описатель файла '1' - стандартный вывод
    17                                  	
    18 0000000A B9[00000000]            	mov ecx,hello 	; Адрес строки hello в ecx
    19                                  	
    20 0000000F BA1F000000              	mov edx,helloLen ; Размер строки hello
    21                                  	
    22 00000014 CD80                    	int 80h 		; Вызов ядра
    23                                  	
    24                                  	
    25 00000016 B801000000              	mov eax,1 	; Системный вызов для выхода (sys_exit)
    26 0000001B BB00000000              	mov ebx,0 	; Выход с кодом возврата '0' (без ошибок)
    27 00000020 CD80                    	int 80h 	; Вызов ядра
